/home/ubuntu/webapp/sdm
/home/ubuntu/webapp/sdm/pages/static/pages/imgs/
saving /home/ubuntu/webapp/sdm/pages/static/pages/imgs/1665138718---Gate-A---cam-12.jpg
/home/ubuntu/webapp/sdm
/home/ubuntu/webapp/sdm/pages/static/pages/imgs/
saving /home/ubuntu/webapp/sdm/pages/static/pages/imgs/1665138718---Gate-A---cam-12.jpg
/home/ubuntu/webapp/sdm
/home/ubuntu/webapp/sdm/pages/static/pages/imgs/
saving /home/ubuntu/webapp/sdm/pages/static/pages/imgs/1665416965---HCT-AJ---Gate-8A---Cam-RGB-48---.jpg
/home/ubuntu/webapp/sdm
/home/ubuntu/webapp/sdm/pages/static/pages/imgs/
saving /home/ubuntu/webapp/sdm/pages/static/pages/imgs/1665431580---HCT-Fuj---Gate_8A---FLR251---.jpg
/home/ubuntu/webapp/sdm
/home/ubuntu/webapp/sdm/pages/static/pages/imgs/
saving /home/ubuntu/webapp/sdm/pages/static/pages/imgs/1665431770---HCT-Fuj---Gate_8A---FLR251---.jpg
/home/ubuntu/webapp/sdm
/home/ubuntu/webapp/sdm/pages/static/pages/imgs/
saving /home/ubuntu/webapp/sdm/pages/static/pages/imgs/1665432006---HCT-Fuj---Gate_8A---FLR251---.jpg
/home/ubuntu/webapp/sdm
/home/ubuntu/webapp/sdm/pages/static/pages/imgs/
saving /home/ubuntu/webapp/sdm/pages/static/pages/imgs/1665506885---HCT-Fuj---Gate_8A---FLR251---.jpg
/home/ubuntu/webapp/sdm
/home/ubuntu/webapp/sdm/pages/static/pages/imgs/
saving /home/ubuntu/webapp/sdm/pages/static/pages/imgs/1665549517---HCT-Fuj---Gate_8A---FLR251---.jpg
/home/ubuntu/webapp/sdm
/home/ubuntu/webapp/sdm/pages/static/pages/imgs/
saving /home/ubuntu/webapp/sdm/pages/static/pages/imgs/1665549642---HCT-Fuj---Gate_8A---FLR251---.jpg
/home/ubuntu/webapp/sdm
/home/ubuntu/webapp/sdm/pages/static/pages/imgs/
saving /home/ubuntu/webapp/sdm/pages/static/pages/imgs/1665549786---HCT-Fuj---Gate_8A---FLR251---.jpg
/home/ubuntu/webapp/sdm
/home/ubuntu/webapp/sdm/pages/static/pages/imgs/
saving /home/ubuntu/webapp/sdm/pages/static/pages/imgs/1665549802---HCT-Fuj---Gate_8A---FLR251---.jpg
/home/ubuntu/webapp/sdm
/home/ubuntu/webapp/sdm/pages/static/pages/imgs/
saving /home/ubuntu/webapp/sdm/pages/static/pages/imgs/1665550255---HCT-Fuj---Gate_8A---FLR251---.jpg
/home/ubuntu/webapp/sdm
/home/ubuntu/webapp/sdm/pages/static/pages/imgs/
saving /home/ubuntu/webapp/sdm/pages/static/pages/imgs/1665552924---HCT-Fuj---Gate_8A---FLR251---.jpg
/home/ubuntu/webapp/sdm
/home/ubuntu/webapp/sdm/pages/static/pages/imgs/
saving /home/ubuntu/webapp/sdm/pages/static/pages/imgs/1665553046---HCT-Fuj---Gate_8A---FLR251---.jpg
/home/ubuntu/webapp/sdm
/home/ubuntu/webapp/sdm/pages/static/pages/imgs/
saving /home/ubuntu/webapp/sdm/pages/static/pages/imgs/1665553898---HCT-Fuj---Gate_8A---FLR251---.jpg
/home/ubuntu/webapp/sdm
/home/ubuntu/webapp/sdm
/home/ubuntu/webapp/sdm/pages/static/pages/imgs/
saving /home/ubuntu/webapp/sdm/pages/static/pages/imgs/1665554177---HCT-Fuj---Gate_8A---FLR251---.jpg
/home/ubuntu/webapp/sdm
/home/ubuntu/webapp/sdm/pages/static/pages/imgs/
saving /home/ubuntu/webapp/sdm/pages/static/pages/imgs/1665554890---HCT-Fuj---Gate_8A---FLR251---.jpg
/home/ubuntu/webapp/sdm
/home/ubuntu/webapp/sdm/pages/static/pages/imgs/
saving /home/ubuntu/webapp/sdm/pages/static/pages/imgs/1665555006---HCT-Fuj---Gate_8A---FLR251---.jpg
/home/ubuntu/webapp/sdm
/home/ubuntu/webapp/sdm/pages/static/pages/imgs/
saving /home/ubuntu/webapp/sdm/pages/static/pages/imgs/1665555482---HCT-Fuj---Gate_8A---FLR251---.jpg
/home/ubuntu/webapp/sdm
/home/ubuntu/webapp/sdm/pages/static/pages/imgs/
saving /home/ubuntu/webapp/sdm/pages/static/pages/imgs/1665556089---HCT-Fuj---Gate_8A---FLR251---.jpg
/home/ubuntu/webapp/sdm
/home/ubuntu/webapp/sdm/pages/static/pages/imgs/
saving /home/ubuntu/webapp/sdm/pages/static/pages/imgs/1665740095---HCT-Fuj---Gate_8A---FLR251---.jpg
/home/ubuntu/webapp/sdm
/home/ubuntu/webapp/sdm/pages/static/pages/imgs/
saving /home/ubuntu/webapp/sdm/pages/static/pages/imgs/1665740110---HCT-Fuj---Gate_8A---FLR251---.jpg
/home/ubuntu/webapp/sdm
/home/ubuntu/webapp/sdm/pages/static/pages/imgs/
saving /home/ubuntu/webapp/sdm/pages/static/pages/imgs/1665740128---HCT-Fuj---Gate_8A---FLR251---.jpg
/home/ubuntu/webapp/sdm
/home/ubuntu/webapp/sdm/pages/static/pages/imgs/
saving /home/ubuntu/webapp/sdm/pages/static/pages/imgs/1665763286---HCT-Fuj---Gate_8A---FLR251---.jpg
/home/ubuntu/webapp/sdm
/home/ubuntu/webapp/sdm/pages/static/pages/imgs/
saving /home/ubuntu/webapp/sdm/pages/static/pages/imgs/1665763383---HCT-Fuj---Gate_8A---FLR251---.jpg
/home/ubuntu/webapp/sdm
/home/ubuntu/webapp/sdm/pages/static/pages/imgs/
saving /home/ubuntu/webapp/sdm/pages/static/pages/imgs/1665763410---HCT-Fuj---Gate_8A---FLR251---.jpg
/home/ubuntu/webapp/sdm
/home/ubuntu/webapp/sdm/pages/static/pages/imgs/
saving /home/ubuntu/webapp/sdm/pages/static/pages/imgs/1665763692---HCT-Fuj---Gate_8A---FLR251---.jpg
/home/ubuntu/webapp/sdm
/home/ubuntu/webapp/sdm/pages/static/pages/imgs/
saving /home/ubuntu/webapp/sdm/pages/static/pages/imgs/1665763749---HCT-Fuj---Gate_8A---FLR251---.jpg
/home/ubuntu/webapp/sdm
/home/ubuntu/webapp/sdm/pages/static/pages/imgs/
saving /home/ubuntu/webapp/sdm/pages/static/pages/imgs/1665766671---HCT-Fuj---Gate_8A---FLR251---.jpg
/home/ubuntu/webapp/sdm
/home/ubuntu/webapp/sdm/pages/static/pages/imgs/
saving /home/ubuntu/webapp/sdm/pages/static/pages/imgs/1665766686---HCT-Fuj---Gate_8A---FLR251---.jpg
/home/ubuntu/webapp/sdm
/home/ubuntu/webapp/sdm/pages/static/pages/imgs/
saving /home/ubuntu/webapp/sdm/pages/static/pages/imgs/1665767849---HCT-Fuj---Gate_8A---FLR251---.jpg
/home/ubuntu/webapp/sdm
/home/ubuntu/webapp/sdm/pages/static/pages/imgs/
saving /home/ubuntu/webapp/sdm/pages/static/pages/imgs/1665767981---HCT-Fuj---Gate_8A---FLR251---.jpg
/home/ubuntu/webapp/sdm
/home/ubuntu/webapp/sdm/pages/static/pages/imgs/
saving /home/ubuntu/webapp/sdm/pages/static/pages/imgs/1665768216---HCT-Fuj---Gate_8A---FLR251---.jpg
/home/ubuntu/webapp/sdm
/home/ubuntu/webapp/sdm/pages/static/pages/imgs/
saving /home/ubuntu/webapp/sdm/pages/static/pages/imgs/1665768264---HCT-Fuj---Gate_8A---FLR251---.jpg
/home/ubuntu/webapp/sdm
/home/ubuntu/webapp/sdm/pages/static/pages/imgs/
saving /home/ubuntu/webapp/sdm/pages/static/pages/imgs/1665768390---HCT-Fuj---Gate_8A---FLR251---.jpg
/home/ubuntu/webapp/sdm
/home/ubuntu/webapp/sdm/pages/static/pages/imgs/
saving /home/ubuntu/webapp/sdm/pages/static/pages/imgs/1665768405---HCT-Fuj---Gate_8A---FLR251---.jpg
/home/ubuntu/webapp/sdm
/home/ubuntu/webapp/sdm/pages/static/pages/imgs/
saving /home/ubuntu/webapp/sdm/pages/static/pages/imgs/1665768420---HCT-Fuj---Gate_8A---FLR251---.jpg
/home/ubuntu/webapp/sdm
/home/ubuntu/webapp/sdm/pages/static/pages/imgs/
saving /home/ubuntu/webapp/sdm/pages/static/pages/imgs/1665770263---HCT-Fuj---Gate_8A---FLR251---.jpg
/home/ubuntu/webapp/sdm
/home/ubuntu/webapp/sdm/pages/static/pages/imgs/
saving /home/ubuntu/webapp/sdm/pages/static/pages/imgs/1665770279---HCT-Fuj---Gate_8A---FLR251---.jpg
/home/ubuntu/webapp/sdm
/home/ubuntu/webapp/sdm/pages/static/pages/imgs/
saving /home/ubuntu/webapp/sdm/pages/static/pages/imgs/1665771349---HCT-Fuj---Gate_8A---FLR251---.jpg
/home/ubuntu/webapp/sdm
/home/ubuntu/webapp/sdm/pages/static/pages/imgs/
saving /home/ubuntu/webapp/sdm/pages/static/pages/imgs/1665771425---HCT-Fuj---Gate_8A---FLR251---.jpg
/home/ubuntu/webapp/sdm
/home/ubuntu/webapp/sdm/pages/static/pages/imgs/
saving /home/ubuntu/webapp/sdm/pages/static/pages/imgs/1665771443---HCT-Fuj---Gate_8A---FLR251---.jpg
/home/ubuntu/webapp/sdm
/home/ubuntu/webapp/sdm/pages/static/pages/imgs/
saving /home/ubuntu/webapp/sdm/pages/static/pages/imgs/1665772031---HCT-Fuj---Gate_8A---FLR251---.jpg
/home/ubuntu/webapp/sdm
/home/ubuntu/webapp/sdm/pages/static/pages/imgs/
saving /home/ubuntu/webapp/sdm/pages/static/pages/imgs/1665832274---HCT-Fuj---Gate_8A---FLR251---.jpg
/home/ubuntu/webapp/sdm
/home/ubuntu/webapp/sdm/pages/static/pages/imgs/
saving /home/ubuntu/webapp/sdm/pages/static/pages/imgs/1665832307---HCT-Fuj---Gate_8A---FLR251---.jpg
/home/ubuntu/webapp/sdm
/home/ubuntu/webapp/sdm/pages/static/pages/imgs/
saving /home/ubuntu/webapp/sdm/pages/static/pages/imgs/1665833524---HCT-Fuj---Gate_8A---FLR251---.jpg
/home/ubuntu/webapp/sdm
/home/ubuntu/webapp/sdm/pages/static/pages/imgs/
saving /home/ubuntu/webapp/sdm/pages/static/pages/imgs/1665833549---HCT-Fuj---Gate_8A---FLR251---.jpg
/home/ubuntu/webapp/sdm
/home/ubuntu/webapp/sdm/pages/static/pages/imgs/
saving /home/ubuntu/webapp/sdm/pages/static/pages/imgs/1665833566---HCT-Fuj---Gate_8A---FLR251---.jpg
/home/ubuntu/webapp/sdm
/home/ubuntu/webapp/sdm
/home/ubuntu/webapp/sdm/pages/static/pages/imgs/
saving /home/ubuntu/webapp/sdm/pages/static/pages/imgs/1665836339---HCT-Fuj---Gate_8A---FLR251---.jpg
